0 info it worked if it ends with ok
1 verbose cli [ '/usr/local/bin/node', '/usr/local/bin/npm', 'run', 'dev' ]
2 info using npm@3.10.7
3 info using node@v5.0.0
4 verbose run-script [ 'predev', 'dev', 'postdev' ]
5 info lifecycle krasotize@0.0.1~predev: krasotize@0.0.1
6 silly lifecycle krasotize@0.0.1~predev: no script for predev, continuing
7 info lifecycle krasotize@0.0.1~dev: krasotize@0.0.1
8 verbose lifecycle krasotize@0.0.1~dev: unsafe-perm in lifecycle true
9 verbose lifecycle krasotize@0.0.1~dev: PATH: /usr/local/lib/node_modules/npm/bin/node-gyp-bin:/Users/dunaev/Projects/krasotize/node_modules/.bin:/usr/local/bin:/usr/bin:/bin:/usr/sbin:/sbin:/opt/X11/bin:/usr/local/MacGPG2/bin
10 verbose lifecycle krasotize@0.0.1~dev: CWD: /Users/dunaev/Projects/krasotize
11 silly lifecycle krasotize@0.0.1~dev: Args: [ '-c', 'DEVELOPMENT=true webpack-dev-server -d' ]
12 silly lifecycle krasotize@0.0.1~dev: Returned: code: 1  signal: null
13 info lifecycle krasotize@0.0.1~dev: Failed to exec dev script
14 verbose stack Error: krasotize@0.0.1 dev: `DEVELOPMENT=true webpack-dev-server -d`
14 verbose stack Exit status 1
14 verbose stack     at EventEmitter.<anonymous> (/usr/local/lib/node_modules/npm/lib/utils/lifecycle.js:255:16)
14 verbose stack     at emitTwo (events.js:87:13)
14 verbose stack     at EventEmitter.emit (events.js:172:7)
14 verbose stack     at ChildProcess.<anonymous> (/usr/local/lib/node_modules/npm/lib/utils/spawn.js:40:14)
14 verbose stack     at emitTwo (events.js:87:13)
14 verbose stack     at ChildProcess.emit (events.js:172:7)
14 verbose stack     at maybeClose (internal/child_process.js:818:16)
14 verbose stack     at Process.ChildProcess._handle.onexit (internal/child_process.js:211:5)
15 verbose pkgid krasotize@0.0.1
16 verbose cwd /Users/dunaev/Projects/krasotize
17 error Darwin 14.5.0
18 error argv "/usr/local/bin/node" "/usr/local/bin/npm" "run" "dev"
19 error node v5.0.0
20 error npm  v3.10.7
21 error code ELIFECYCLE
22 error krasotize@0.0.1 dev: `DEVELOPMENT=true webpack-dev-server -d`
22 error Exit status 1
23 error Failed at the krasotize@0.0.1 dev script 'DEVELOPMENT=true webpack-dev-server -d'.
23 error Make sure you have the latest version of node.js and npm installed.
23 error If you do, this is most likely a problem with the krasotize package,
23 error not with npm itself.
23 error Tell the author that this fails on your system:
23 error     DEVELOPMENT=true webpack-dev-server -d
23 error You can get information on how to open an issue for this project with:
23 error     npm bugs krasotize
23 error Or if that isn't available, you can get their info via:
23 error     npm owner ls krasotize
23 error There is likely additional logging output above.
24 verbose exit [ 1, true ]
